Added Component: Designator=C1(RAD-0.3)
Added Component: Designator=C2(RAD-0.3)
Added Component: Designator=Con1(PCBComponent_1)
Added Component: Designator=J1(JACK/6-V2)
Added Component: Designator=P1(PIN1)
Added Component: Designator=P2(PIN1)
Added Component: Designator=P3(PIN1)
Added Component: Designator=P4(PIN1)
Added Component: Designator=P5(PIN1)
Added Component: Designator=P6(PIN1)
Added Component: Designator=P7(PIN1)
Added Component: Designator=P8(PIN1)
Added Component: Designator=P9(PIN1)
Added Component: Designator=P10(PIN1)
Added Component: Designator=Q1(TO-92A)
Added Component: Designator=Q2(TO-92A)
Added Component: Designator=R1(AXIAL-0.3)
Added Component: Designator=R2(AXIAL-0.3)
Added Component: Designator=R3(AXIAL-0.3)
Added Component: Designator=R4(AXIAL-0.3)
Added Component: Designator=R5(AXIAL-0.3)
Added Component: Designator=R6(AXIAL-0.3)
Added Component: Designator=R7(AXIAL-0.3)
Added Component: Designator=R8(AXIAL-0.3)
Added Component: Designator=R9(AXIAL-0.3)
Added Component: Designator=R10(VR5)
Added Component: Designator=R11(VR5)
Added Component: Designator=R12(VR5)
Added Component: Designator=R13(AXIAL-0.3)
Added Component: Designator=R14(AXIAL-0.3)
Added Component: Designator=R15(AXIAL-0.3)
Added Pin To Net: NetName=+15V Pin=Con1-1
Added Pin To Net: NetName=+15V Pin=Q1-1
Added Pin To Net: NetName=+15V Pin=R2-1
Added Net: Name=+15V
Added Pin To Net: NetName=GND Pin=Con1-2
Added Pin To Net: NetName=GND Pin=J1-5
Added Pin To Net: NetName=GND Pin=Q2-1
Added Pin To Net: NetName=GND Pin=R5-1
Added Pin To Net: NetName=GND Pin=R10-2
Added Pin To Net: NetName=GND Pin=R11-2
Added Pin To Net: NetName=GND Pin=R12-2
Added Net: Name=GND
Added Pin To Net: NetName=NetC1_1 Pin=C1-1
Added Pin To Net: NetName=NetC1_1 Pin=Q1-2
Added Pin To Net: NetName=NetC1_1 Pin=R5-2
Added Net: Name=NetC1_1
Added Pin To Net: NetName=NetC1_2 Pin=C1-2
Added Pin To Net: NetName=NetC1_2 Pin=Q2-2
Added Pin To Net: NetName=NetC1_2 Pin=R3-2
Added Net: Name=NetC1_2
Added Pin To Net: NetName=NetC2_1 Pin=C2-1
Added Pin To Net: NetName=NetC2_1 Pin=Q2-3
Added Pin To Net: NetName=NetC2_1 Pin=R2-2
Added Pin To Net: NetName=NetC2_1 Pin=R3-1
Added Net: Name=NetC2_1
Added Pin To Net: NetName=NetC2_2 Pin=C2-2
Added Pin To Net: NetName=NetC2_2 Pin=J1-1
Added Pin To Net: NetName=NetC2_2 Pin=P1-1
Added Net: Name=NetC2_2
Added Pin To Net: NetName=NetCon1_11 Pin=Con1-11
Added Pin To Net: NetName=NetCon1_11 Pin=R6-2
Added Net: Name=NetCon1_11
Added Pin To Net: NetName=NetCon1_12 Pin=Con1-12
Added Pin To Net: NetName=NetCon1_12 Pin=R8-2
Added Net: Name=NetCon1_12
Added Pin To Net: NetName=NetCon1_14 Pin=Con1-14
Added Pin To Net: NetName=NetCon1_14 Pin=R7-2
Added Net: Name=NetCon1_14
Added Pin To Net: NetName=NetCon1_17 Pin=Con1-17
Added Pin To Net: NetName=NetCon1_17 Pin=R9-2
Added Net: Name=NetCon1_17
Added Pin To Net: NetName=NetCon1_19 Pin=Con1-19
Added Pin To Net: NetName=NetCon1_19 Pin=R14-1
Added Net: Name=NetCon1_19
Added Pin To Net: NetName=NetCon1_21 Pin=Con1-21
Added Pin To Net: NetName=NetCon1_21 Pin=R13-1
Added Net: Name=NetCon1_21
Added Pin To Net: NetName=NetCon1_38 Pin=Con1-38
Added Pin To Net: NetName=NetCon1_38 Pin=Con1-46
Added Pin To Net: NetName=NetCon1_38 Pin=R15-1
Added Net: Name=NetCon1_38
Added Pin To Net: NetName=NetCon1_50 Pin=Con1-50
Added Pin To Net: NetName=NetCon1_50 Pin=R4-2
Added Net: Name=NetCon1_50
Added Pin To Net: NetName=NetCon1_53 Pin=Con1-53
Added Pin To Net: NetName=NetCon1_53 Pin=R1-2
Added Net: Name=NetCon1_53
Added Pin To Net: NetName=NetP2_1 Pin=P2-1
Added Pin To Net: NetName=NetP2_1 Pin=R1-1
Added Net: Name=NetP2_1
Added Pin To Net: NetName=NetP3_1 Pin=P3-1
Added Pin To Net: NetName=NetP3_1 Pin=R4-1
Added Net: Name=NetP3_1
Added Pin To Net: NetName=NetP4_1 Pin=P4-1
Added Pin To Net: NetName=NetP4_1 Pin=R6-1
Added Net: Name=NetP4_1
Added Pin To Net: NetName=NetP5_1 Pin=P5-1
Added Pin To Net: NetName=NetP5_1 Pin=R7-1
Added Net: Name=NetP5_1
Added Pin To Net: NetName=NetP6_1 Pin=P6-1
Added Pin To Net: NetName=NetP6_1 Pin=R8-1
Added Net: Name=NetP6_1
Added Pin To Net: NetName=NetP7_1 Pin=P7-1
Added Pin To Net: NetName=NetP7_1 Pin=R9-1
Added Net: Name=NetP7_1
Added Pin To Net: NetName=NetP8_1 Pin=P8-1
Added Pin To Net: NetName=NetP8_1 Pin=R10-1
Added Net: Name=NetP8_1
Added Pin To Net: NetName=NetP9_1 Pin=P9-1
Added Pin To Net: NetName=NetP9_1 Pin=R11-1
Added Net: Name=NetP9_1
Added Pin To Net: NetName=NetP10_1 Pin=P10-1
Added Pin To Net: NetName=NetP10_1 Pin=R12-1
Added Net: Name=NetP10_1
Added Pin To Net: NetName=NetR10_3 Pin=R10-3
Added Pin To Net: NetName=NetR10_3 Pin=R13-2
Added Net: Name=NetR10_3
Added Pin To Net: NetName=NetR11_3 Pin=R11-3
Added Pin To Net: NetName=NetR11_3 Pin=R14-2
Added Net: Name=NetR11_3
Added Pin To Net: NetName=NetR12_3 Pin=R12-3
Added Pin To Net: NetName=NetR12_3 Pin=R15-2
Added Net: Name=NetR12_3
Added Class: Name=Sheet1
Added Room: Name=Sheet1
